This file contains any messages produced by compilers while
running configure, to aid debugging if configure makes a mistake.

It was created by FULL-PACKAGE-NAME configure VERSION, which was
generated by GNU Autoconf 2.68.  Invocation command line was

  $ ./configure 

## --------- ##
## Platform. ##
## --------- ##

hostname = yw-G41MT-D3
uname -m = x86_64
uname -r = 3.8.0-29-generic
uname -s = Linux
uname -v = #42~precise1-Ubuntu SMP Wed Aug 14 16:19:23 UTC 2013

/usr/bin/uname -p = unknown
/bin/uname -X     = unknown

/bin/arch              = unknown
/usr/bin/arch -k       = unknown
/usr/convex/getsysinfo = unknown
/usr/bin/hostinfo      = unknown
/bin/machine           = unknown
/usr/bin/oslevel       = unknown
/bin/universe          = unknown

PATH: /usr/lib/lightdm/lightdm
PATH: /usr/local/sbin
PATH: /usr/local/bin
PATH: /usr/sbin
PATH: /usr/bin
PATH: /sbin
PATH: /bin
PATH: /usr/games


## ----------- ##
## Core tests. ##
## ----------- ##

configure:2357: checking for g++
configure:2373: found /usr/bin/g++
configure:2384: result: g++
configure:2411: checking for C++ compiler version
configure:2420: g++ --version >&5
g++ (Ubuntu/Linaro 4.6.3-1ubuntu5) 4.6.3
Copyright (C) 2011 Free Software Foundation, Inc.
This is free software; see the source for copying conditions.  There is NO
warranty; not even for MERCHANTABILITY or FITNESS FOR A PARTICULAR PURPOSE.

configure:2431: $? = 0
configure:2420: g++ -v >&5
Using built-in specs.
COLLECT_GCC=g++
COLLECT_LTO_WRAPPER=/usr/lib/gcc/x86_64-linux-gnu/4.6/lto-wrapper
Target: x86_64-linux-gnu
Configured with: ../src/configure -v --with-pkgversion='Ubuntu/Linaro 4.6.3-1ubuntu5' --with-bugurl=file:///usr/share/doc/gcc-4.6/README.Bugs --enable-languages=c,c++,fortran,objc,obj-c++ --prefix=/usr --program-suffix=-4.6 --enable-shared --enable-linker-build-id --with-system-zlib --libexecdir=/usr/lib --without-included-gettext --enable-threads=posix --with-gxx-include-dir=/usr/include/c++/4.6 --libdir=/usr/lib --enable-nls --with-sysroot=/ --enable-clocale=gnu --enable-libstdcxx-debug --enable-libstdcxx-time=yes --enable-gnu-unique-object --enable-plugin --enable-objc-gc --disable-werror --with-arch-32=i686 --with-tune=generic --enable-checking=release --build=x86_64-linux-gnu --host=x86_64-linux-gnu --target=x86_64-linux-gnu
Thread model: posix
gcc version 4.6.3 (Ubuntu/Linaro 4.6.3-1ubuntu5) 
configure:2431: $? = 0
configure:2420: g++ -V >&5
g++: error: unrecognized option '-V'
g++: fatal error: no input files
compilation terminated.
configure:2431: $? = 4
configure:2420: g++ -qversion >&5
g++: error: unrecognized option '-qversion'
g++: fatal error: no input files
compilation terminated.
configure:2431: $? = 4
configure:2451: checking whether the C++ compiler works
configure:2473: g++    conftest.cpp  >&5
configure:2477: $? = 0
configure:2525: result: yes
configure:2528: checking for C++ compiler default output file name
configure:2530: result: a.out
configure:2536: checking for suffix of executables
configure:2543: g++ -o conftest    conftest.cpp  >&5
configure:2547: $? = 0
configure:2569: result: 
configure:2591: checking whether we are cross compiling
configure:2599: g++ -o conftest    conftest.cpp  >&5
configure:2603: $? = 0
configure:2610: ./conftest
configure:2614: $? = 0
configure:2629: result: no
configure:2634: checking for suffix of object files
configure:2656: g++ -c   conftest.cpp >&5
configure:2660: $? = 0
configure:2681: result: o
configure:2685: checking whether we are using the GNU C++ compiler
configure:2704: g++ -c   conftest.cpp >&5
configure:2704: $? = 0
configure:2713: result: yes
configure:2722: checking whether g++ accepts -g
configure:2742: g++ -c -g  conftest.cpp >&5
configure:2742: $? = 0
configure:2783: result: yes
configure:2854: checking for gcc
configure:2870: found /usr/bin/gcc
configure:2881: result: gcc
configure:3110: checking for C compiler version
configure:3119: gcc --version >&5
gcc (Ubuntu/Linaro 4.6.3-1ubuntu5) 4.6.3
Copyright (C) 2011 Free Software Foundation, Inc.
This is free software; see the source for copying conditions.  There is NO
warranty; not even for MERCHANTABILITY or FITNESS FOR A PARTICULAR PURPOSE.

configure:3130: $? = 0
configure:3119: gcc -v >&5
Using built-in specs.
COLLECT_GCC=gcc
COLLECT_LTO_WRAPPER=/usr/lib/gcc/x86_64-linux-gnu/4.6/lto-wrapper
Target: x86_64-linux-gnu
Configured with: ../src/configure -v --with-pkgversion='Ubuntu/Linaro 4.6.3-1ubuntu5' --with-bugurl=file:///usr/share/doc/gcc-4.6/README.Bugs --enable-languages=c,c++,fortran,objc,obj-c++ --prefix=/usr --program-suffix=-4.6 --enable-shared --enable-linker-build-id --with-system-zlib --libexecdir=/usr/lib --without-included-gettext --enable-threads=posix --with-gxx-include-dir=/usr/include/c++/4.6 --libdir=/usr/lib --enable-nls --with-sysroot=/ --enable-clocale=gnu --enable-libstdcxx-debug --enable-libstdcxx-time=yes --enable-gnu-unique-object --enable-plugin --enable-objc-gc --disable-werror --with-arch-32=i686 --with-tune=generic --enable-checking=release --build=x86_64-linux-gnu --host=x86_64-linux-gnu --target=x86_64-linux-gnu
Thread model: posix
gcc version 4.6.3 (Ubuntu/Linaro 4.6.3-1ubuntu5) 
configure:3130: $? = 0
configure:3119: gcc -V >&5
gcc: error: unrecognized option '-V'
gcc: fatal error: no input files
compilation terminated.
configure:3130: $? = 4
configure:3119: gcc -qversion >&5
gcc: error: unrecognized option '-qversion'
gcc: fatal error: no input files
compilation terminated.
configure:3130: $? = 4
configure:3134: checking whether we are using the GNU C compiler
configure:3153: gcc -c   conftest.c >&5
configure:3153: $? = 0
configure:3162: result: yes
configure:3171: checking whether gcc accepts -g
configure:3191: gcc -c -g  conftest.c >&5
configure:3191: $? = 0
configure:3232: result: yes
configure:3249: checking for gcc option to accept ISO C89
configure:3313: gcc  -c -g -O2  conftest.c >&5
configure:3313: $? = 0
configure:3326: result: none needed
configure:3356: checking how to run the C preprocessor
configure:3387: gcc -E  conftest.c
configure:3387: $? = 0
configure:3401: gcc -E  conftest.c
conftest.c:9:28: fatal error: ac_nonexistent.h: No such file or directory
compilation terminated.
configure:3401: $? = 1
configure: failed program was:
| /* confdefs.h */
| #define PACKAGE_NAME "FULL-PACKAGE-NAME"
| #define PACKAGE_TARNAME "full-package-name"
| #define PACKAGE_VERSION "VERSION"
| #define PACKAGE_STRING "FULL-PACKAGE-NAME VERSION"
| #define PACKAGE_BUGREPORT "BUG-REPORT-ADDRESS"
| #define PACKAGE_URL ""
| /* end confdefs.h.  */
| #include <ac_nonexistent.h>
configure:3426: result: gcc -E
configure:3446: gcc -E  conftest.c
configure:3446: $? = 0
configure:3460: gcc -E  conftest.c
conftest.c:9:28: fatal error: ac_nonexistent.h: No such file or directory
compilation terminated.
configure:3460: $? = 1
configure: failed program was:
| /* confdefs.h */
| #define PACKAGE_NAME "FULL-PACKAGE-NAME"
| #define PACKAGE_TARNAME "full-package-name"
| #define PACKAGE_VERSION "VERSION"
| #define PACKAGE_STRING "FULL-PACKAGE-NAME VERSION"
| #define PACKAGE_BUGREPORT "BUG-REPORT-ADDRESS"
| #define PACKAGE_URL ""
| /* end confdefs.h.  */
| #include <ac_nonexistent.h>
configure:3489: checking for grep that handles long lines and -e
configure:3547: result: /bin/grep
configure:3552: checking for egrep
configure:3614: result: /bin/grep -E
configure:3619: checking for ANSI C header files
configure:3639: gcc -c -g -O2  conftest.c >&5
configure:3639: $? = 0
configure:3712: gcc -o conftest -g -O2   conftest.c  >&5
configure:3712: $? = 0
configure:3712: ./conftest
configure:3712: $? = 0
configure:3723: result: yes
configure:3736: checking for sys/types.h
configure:3736: gcc -c -g -O2  conftest.c >&5
configure:3736: $? = 0
configure:3736: result: yes
configure:3736: checking for sys/stat.h
configure:3736: gcc -c -g -O2  conftest.c >&5
configure:3736: $? = 0
configure:3736: result: yes
configure:3736: checking for stdlib.h
configure:3736: gcc -c -g -O2  conftest.c >&5
configure:3736: $? = 0
configure:3736: result: yes
configure:3736: checking for string.h
configure:3736: gcc -c -g -O2  conftest.c >&5
configure:3736: $? = 0
configure:3736: result: yes
configure:3736: checking for memory.h
configure:3736: gcc -c -g -O2  conftest.c >&5
configure:3736: $? = 0
configure:3736: result: yes
configure:3736: checking for strings.h
configure:3736: gcc -c -g -O2  conftest.c >&5
configure:3736: $? = 0
configure:3736: result: yes
configure:3736: checking for inttypes.h
configure:3736: gcc -c -g -O2  conftest.c >&5
configure:3736: $? = 0
configure:3736: result: yes
configure:3736: checking for stdint.h
configure:3736: gcc -c -g -O2  conftest.c >&5
configure:3736: $? = 0
configure:3736: result: yes
configure:3736: checking for unistd.h
configure:3736: gcc -c -g -O2  conftest.c >&5
configure:3736: $? = 0
configure:3736: result: yes
configure:3751: checking arpa/inet.h usability
configure:3751: gcc -c -g -O2  conftest.c >&5
configure:3751: $? = 0
configure:3751: result: yes
configure:3751: checking arpa/inet.h presence
configure:3751: gcc -E  conftest.c
configure:3751: $? = 0
configure:3751: result: yes
configure:3751: checking for arpa/inet.h
configure:3751: result: yes
configure:3751: checking for stdlib.h
configure:3751: result: yes
configure:3751: checking for string.h
configure:3751: result: yes
configure:3751: checking sys/ioctl.h usability
configure:3751: gcc -c -g -O2  conftest.c >&5
configure:3751: $? = 0
configure:3751: result: yes
configure:3751: checking sys/ioctl.h presence
configure:3751: gcc -E  conftest.c
configure:3751: $? = 0
configure:3751: result: yes
configure:3751: checking for sys/ioctl.h
configure:3751: result: yes
configure:3751: checking sys/socket.h usability
configure:3751: gcc -c -g -O2  conftest.c >&5
configure:3751: $? = 0
configure:3751: result: yes
configure:3751: checking sys/socket.h presence
configure:3751: gcc -E  conftest.c
configure:3751: $? = 0
configure:3751: result: yes
configure:3751: checking for sys/socket.h
configure:3751: result: yes
configure:3751: checking for unistd.h
configure:3751: result: yes
configure:3763: checking for stdbool.h that conforms to C99
configure:3830: gcc -c -g -O2  conftest.c >&5
configure:3830: $? = 0
configure:3837: result: yes
configure:3839: checking for _Bool
configure:3839: gcc -c -g -O2  conftest.c >&5
configure:3839: $? = 0
configure:3839: gcc -c -g -O2  conftest.c >&5
conftest.c: In function 'main':
conftest.c:61:20: error: expected expression before ')' token
configure:3839: $? = 1
configure: failed program was:
| /* confdefs.h */
| #define PACKAGE_NAME "FULL-PACKAGE-NAME"
| #define PACKAGE_TARNAME "full-package-name"
| #define PACKAGE_VERSION "VERSION"
| #define PACKAGE_STRING "FULL-PACKAGE-NAME VERSION"
| #define PACKAGE_BUGREPORT "BUG-REPORT-ADDRESS"
| #define PACKAGE_URL ""
| #define STDC_HEADERS 1
| #define HAVE_SYS_TYPES_H 1
| #define HAVE_SYS_STAT_H 1
| #define HAVE_STDLIB_H 1
| #define HAVE_STRING_H 1
| #define HAVE_MEMORY_H 1
| #define HAVE_STRINGS_H 1
| #define HAVE_INTTYPES_H 1
| #define HAVE_STDINT_H 1
| #define HAVE_UNISTD_H 1
| #define HAVE_ARPA_INET_H 1
| #define HAVE_STDLIB_H 1
| #define HAVE_STRING_H 1
| #define HAVE_SYS_IOCTL_H 1
| #define HAVE_SYS_SOCKET_H 1
| #define HAVE_UNISTD_H 1
| /* end confdefs.h.  */
| #include <stdio.h>
| #ifdef HAVE_SYS_TYPES_H
| # include <sys/types.h>
| #endif
| #ifdef HAVE_SYS_STAT_H
| # include <sys/stat.h>
| #endif
| #ifdef STDC_HEADERS
| # include <stdlib.h>
| # include <stddef.h>
| #else
| # ifdef HAVE_STDLIB_H
| #  include <stdlib.h>
| # endif
| #endif
| #ifdef HAVE_STRING_H
| # if !defined STDC_HEADERS && defined HAVE_MEMORY_H
| #  include <memory.h>
| # endif
| # include <string.h>
| #endif
| #ifdef HAVE_STRINGS_H
| # include <strings.h>
| #endif
| #ifdef HAVE_INTTYPES_H
| # include <inttypes.h>
| #endif
| #ifdef HAVE_STDINT_H
| # include <stdint.h>
| #endif
| #ifdef HAVE_UNISTD_H
| # include <unistd.h>
| #endif
| int
| main ()
| {
| if (sizeof ((_Bool)))
| 	    return 0;
|   ;
|   return 0;
| }
configure:3839: result: yes
configure:3855: checking for int64_t
configure:3855: gcc -c -g -O2  conftest.c >&5
configure:3855: $? = 0
configure:3855: gcc -c -g -O2  conftest.c >&5
conftest.c: In function 'main':
conftest.c:65:53: warning: integer overflow in expression [-Woverflow]
conftest.c:64:12: error: size of array 'test_array' is negative
conftest.c:64:12: error: storage size of 'test_array' isn't constant
configure:3855: $? = 1
configure: failed program was:
| /* confdefs.h */
| #define PACKAGE_NAME "FULL-PACKAGE-NAME"
| #define PACKAGE_TARNAME "full-package-name"
| #define PACKAGE_VERSION "VERSION"
| #define PACKAGE_STRING "FULL-PACKAGE-NAME VERSION"
| #define PACKAGE_BUGREPORT "BUG-REPORT-ADDRESS"
| #define PACKAGE_URL ""
| #define STDC_HEADERS 1
| #define HAVE_SYS_TYPES_H 1
| #define HAVE_SYS_STAT_H 1
| #define HAVE_STDLIB_H 1
| #define HAVE_STRING_H 1
| #define HAVE_MEMORY_H 1
| #define HAVE_STRINGS_H 1
| #define HAVE_INTTYPES_H 1
| #define HAVE_STDINT_H 1
| #define HAVE_UNISTD_H 1
| #define HAVE_ARPA_INET_H 1
| #define HAVE_STDLIB_H 1
| #define HAVE_STRING_H 1
| #define HAVE_SYS_IOCTL_H 1
| #define HAVE_SYS_SOCKET_H 1
| #define HAVE_UNISTD_H 1
| #define HAVE__BOOL 1
| #define HAVE_STDBOOL_H 1
| /* end confdefs.h.  */
| #include <stdio.h>
| #ifdef HAVE_SYS_TYPES_H
| # include <sys/types.h>
| #endif
| #ifdef HAVE_SYS_STAT_H
| # include <sys/stat.h>
| #endif
| #ifdef STDC_HEADERS
| # include <stdlib.h>
| # include <stddef.h>
| #else
| # ifdef HAVE_STDLIB_H
| #  include <stdlib.h>
| # endif
| #endif
| #ifdef HAVE_STRING_H
| # if !defined STDC_HEADERS && defined HAVE_MEMORY_H
| #  include <memory.h>
| # endif
| # include <string.h>
| #endif
| #ifdef HAVE_STRINGS_H
| # include <strings.h>
| #endif
| #ifdef HAVE_INTTYPES_H
| # include <inttypes.h>
| #endif
| #ifdef HAVE_STDINT_H
| # include <stdint.h>
| #endif
| #ifdef HAVE_UNISTD_H
| # include <unistd.h>
| #endif
| 	        enum { N = 64 / 2 - 1 };
| int
| main ()
| {
| static int test_array [1 - 2 * !((int64_t) (((((int64_t) 1 << N) << N) - 1) * 2 + 1)
| 		 < (int64_t) (((((int64_t) 1 << N) << N) - 1) * 2 + 2))];
| test_array [0] = 0
| 
|   ;
|   return 0;
| }
configure:3855: result: yes
configure:3866: checking for pid_t
configure:3866: gcc -c -g -O2  conftest.c >&5
configure:3866: $? = 0
configure:3866: gcc -c -g -O2  conftest.c >&5
conftest.c: In function 'main':
conftest.c:63:20: error: expected expression before ')' token
configure:3866: $? = 1
configure: failed program was:
| /* confdefs.h */
| #define PACKAGE_NAME "FULL-PACKAGE-NAME"
| #define PACKAGE_TARNAME "full-package-name"
| #define PACKAGE_VERSION "VERSION"
| #define PACKAGE_STRING "FULL-PACKAGE-NAME VERSION"
| #define PACKAGE_BUGREPORT "BUG-REPORT-ADDRESS"
| #define PACKAGE_URL ""
| #define STDC_HEADERS 1
| #define HAVE_SYS_TYPES_H 1
| #define HAVE_SYS_STAT_H 1
| #define HAVE_STDLIB_H 1
| #define HAVE_STRING_H 1
| #define HAVE_MEMORY_H 1
| #define HAVE_STRINGS_H 1
| #define HAVE_INTTYPES_H 1
| #define HAVE_STDINT_H 1
| #define HAVE_UNISTD_H 1
| #define HAVE_ARPA_INET_H 1
| #define HAVE_STDLIB_H 1
| #define HAVE_STRING_H 1
| #define HAVE_SYS_IOCTL_H 1
| #define HAVE_SYS_SOCKET_H 1
| #define HAVE_UNISTD_H 1
| #define HAVE__BOOL 1
| #define HAVE_STDBOOL_H 1
| /* end confdefs.h.  */
| #include <stdio.h>
| #ifdef HAVE_SYS_TYPES_H
| # include <sys/types.h>
| #endif
| #ifdef HAVE_SYS_STAT_H
| # include <sys/stat.h>
| #endif
| #ifdef STDC_HEADERS
| # include <stdlib.h>
| # include <stddef.h>
| #else
| # ifdef HAVE_STDLIB_H
| #  include <stdlib.h>
| # endif
| #endif
| #ifdef HAVE_STRING_H
| # if !defined STDC_HEADERS && defined HAVE_MEMORY_H
| #  include <memory.h>
| # endif
| # include <string.h>
| #endif
| #ifdef HAVE_STRINGS_H
| # include <strings.h>
| #endif
| #ifdef HAVE_INTTYPES_H
| # include <inttypes.h>
| #endif
| #ifdef HAVE_STDINT_H
| # include <stdint.h>
| #endif
| #ifdef HAVE_UNISTD_H
| # include <unistd.h>
| #endif
| int
| main ()
| {
| if (sizeof ((pid_t)))
| 	    return 0;
|   ;
|   return 0;
| }
configure:3866: result: yes
configure:3881: checking vfork.h usability
configure:3881: gcc -c -g -O2  conftest.c >&5
conftest.c:60:19: fatal error: vfork.h: No such file or directory
compilation terminated.
configure:3881: $? = 1
configure: failed program was:
| /* confdefs.h */
| #define PACKAGE_NAME "FULL-PACKAGE-NAME"
| #define PACKAGE_TARNAME "full-package-name"
| #define PACKAGE_VERSION "VERSION"
| #define PACKAGE_STRING "FULL-PACKAGE-NAME VERSION"
| #define PACKAGE_BUGREPORT "BUG-REPORT-ADDRESS"
| #define PACKAGE_URL ""
| #define STDC_HEADERS 1
| #define HAVE_SYS_TYPES_H 1
| #define HAVE_SYS_STAT_H 1
| #define HAVE_STDLIB_H 1
| #define HAVE_STRING_H 1
| #define HAVE_MEMORY_H 1
| #define HAVE_STRINGS_H 1
| #define HAVE_INTTYPES_H 1
| #define HAVE_STDINT_H 1
| #define HAVE_UNISTD_H 1
| #define HAVE_ARPA_INET_H 1
| #define HAVE_STDLIB_H 1
| #define HAVE_STRING_H 1
| #define HAVE_SYS_IOCTL_H 1
| #define HAVE_SYS_SOCKET_H 1
| #define HAVE_UNISTD_H 1
| #define HAVE__BOOL 1
| #define HAVE_STDBOOL_H 1
| /* end confdefs.h.  */
| #include <stdio.h>
| #ifdef HAVE_SYS_TYPES_H
| # include <sys/types.h>
| #endif
| #ifdef HAVE_SYS_STAT_H
| # include <sys/stat.h>
| #endif
| #ifdef STDC_HEADERS
| # include <stdlib.h>
| # include <stddef.h>
| #else
| # ifdef HAVE_STDLIB_H
| #  include <stdlib.h>
| # endif
| #endif
| #ifdef HAVE_STRING_H
| # if !defined STDC_HEADERS && defined HAVE_MEMORY_H
| #  include <memory.h>
| # endif
| # include <string.h>
| #endif
| #ifdef HAVE_STRINGS_H
| # include <strings.h>
| #endif
| #ifdef HAVE_INTTYPES_H
| # include <inttypes.h>
| #endif
| #ifdef HAVE_STDINT_H
| # include <stdint.h>
| #endif
| #ifdef HAVE_UNISTD_H
| # include <unistd.h>
| #endif
| #include <vfork.h>
configure:3881: result: no
configure:3881: checking vfork.h presence
configure:3881: gcc -E  conftest.c
conftest.c:27:19: fatal error: vfork.h: No such file or directory
compilation terminated.
configure:3881: $? = 1
configure: failed program was:
| /* confdefs.h */
| #define PACKAGE_NAME "FULL-PACKAGE-NAME"
| #define PACKAGE_TARNAME "full-package-name"
| #define PACKAGE_VERSION "VERSION"
| #define PACKAGE_STRING "FULL-PACKAGE-NAME VERSION"
| #define PACKAGE_BUGREPORT "BUG-REPORT-ADDRESS"
| #define PACKAGE_URL ""
| #define STDC_HEADERS 1
| #define HAVE_SYS_TYPES_H 1
| #define HAVE_SYS_STAT_H 1
| #define HAVE_STDLIB_H 1
| #define HAVE_STRING_H 1
| #define HAVE_MEMORY_H 1
| #define HAVE_STRINGS_H 1
| #define HAVE_INTTYPES_H 1
| #define HAVE_STDINT_H 1
| #define HAVE_UNISTD_H 1
| #define HAVE_ARPA_INET_H 1
| #define HAVE_STDLIB_H 1
| #define HAVE_STRING_H 1
| #define HAVE_SYS_IOCTL_H 1
| #define HAVE_SYS_SOCKET_H 1
| #define HAVE_UNISTD_H 1
| #define HAVE__BOOL 1
| #define HAVE_STDBOOL_H 1
| /* end confdefs.h.  */
| #include <vfork.h>
configure:3881: result: no
configure:3881: checking for vfork.h
configure:3881: result: no
configure:3894: checking for fork
configure:3894: gcc -o conftest -g -O2   conftest.c  >&5
conftest.c:50:6: warning: conflicting types for built-in function 'fork' [enabled by default]
configure:3894: $? = 0
configure:3894: result: yes
configure:3894: checking for vfork
configure:3894: gcc -o conftest -g -O2   conftest.c  >&5
configure:3894: $? = 0
configure:3894: result: yes
configure:3904: checking for working fork
configure:3926: gcc -o conftest -g -O2   conftest.c  >&5
configure:3926: $? = 0
configure:3926: ./conftest
configure:3926: $? = 0
configure:3936: result: yes
configure:3957: checking for working vfork
configure:4067: result: yes
configure:4092: checking whether lstat correctly handles trailing slash
configure:4118: gcc -o conftest -g -O2   conftest.c  >&5
configure:4118: $? = 0
configure:4118: ./conftest
configure:4118: $? = 0
configure:4135: result: yes
configure:4156: checking for stdlib.h
configure:4156: result: yes
configure:4166: checking for GNU libc compatible malloc
configure:4190: gcc -o conftest -g -O2   conftest.c  >&5
configure:4190: $? = 0
configure:4190: ./conftest
configure:4190: $? = 0
configure:4200: result: yes
configure:4224: checking for clock_gettime
configure:4224: gcc -o conftest -g -O2   conftest.c  >&5
/tmp/ccGTdXX7.o: In function `main':
/home/yw/github/comlib/conftest.c:68: undefined reference to `clock_gettime'
collect2: ld returned 1 exit status
configure:4224: $? = 1
configure: failed program was:
| /* confdefs.h */
| #define PACKAGE_NAME "FULL-PACKAGE-NAME"
| #define PACKAGE_TARNAME "full-package-name"
| #define PACKAGE_VERSION "VERSION"
| #define PACKAGE_STRING "FULL-PACKAGE-NAME VERSION"
| #define PACKAGE_BUGREPORT "BUG-REPORT-ADDRESS"
| #define PACKAGE_URL ""
| #define STDC_HEADERS 1
| #define HAVE_SYS_TYPES_H 1
| #define HAVE_SYS_STAT_H 1
| #define HAVE_STDLIB_H 1
| #define HAVE_STRING_H 1
| #define HAVE_MEMORY_H 1
| #define HAVE_STRINGS_H 1
| #define HAVE_INTTYPES_H 1
| #define HAVE_STDINT_H 1
| #define HAVE_UNISTD_H 1
| #define HAVE_ARPA_INET_H 1
| #define HAVE_STDLIB_H 1
| #define HAVE_STRING_H 1
| #define HAVE_SYS_IOCTL_H 1
| #define HAVE_SYS_SOCKET_H 1
| #define HAVE_UNISTD_H 1
| #define HAVE__BOOL 1
| #define HAVE_STDBOOL_H 1
| #define HAVE_FORK 1
| #define HAVE_VFORK 1
| #define HAVE_WORKING_VFORK 1
| #define HAVE_WORKING_FORK 1
| #define LSTAT_FOLLOWS_SLASHED_SYMLINK 1
| #define HAVE_STDLIB_H 1
| #define HAVE_MALLOC 1
| /* end confdefs.h.  */
| /* Define clock_gettime to an innocuous variant, in case <limits.h> declares clock_gettime.
|    For example, HP-UX 11i <limits.h> declares gettimeofday.  */
| #define clock_gettime innocuous_clock_gettime
| 
| /* System header to define __stub macros and hopefully few prototypes,
|     which can conflict with char clock_gettime (); below.
|     Prefer <limits.h> to <assert.h> if __STDC__ is defined, since
|     <limits.h> exists even on freestanding compilers.  */
| 
| #ifdef __STDC__
| # include <limits.h>
| #else
| # include <assert.h>
| #endif
| 
| #undef clock_gettime
| 
| /* Override any GCC internal prototype to avoid an error.
|    Use char because int might match the return type of a GCC
|    builtin and then its argument prototype would still apply.  */
| #ifdef __cplusplus
| extern "C"
| #endif
| char clock_gettime ();
| /* The GNU C library defines this for functions which it implements
|     to always fail with ENOSYS.  Some functions are actually named
|     something starting with __ and the normal name is an alias.  */
| #if defined __stub_clock_gettime || defined __stub___clock_gettime
| choke me
| #endif
| 
| int
| main ()
| {
| return clock_gettime ();
|   ;
|   return 0;
| }
configure:4224: result: no
configure:4224: checking for inet_ntoa
configure:4224: gcc -o conftest -g -O2   conftest.c  >&5
configure:4224: $? = 0
configure:4224: result: yes
configure:4224: checking for memset
configure:4224: gcc -o conftest -g -O2   conftest.c  >&5
conftest.c:58:6: warning: conflicting types for built-in function 'memset' [enabled by default]
configure:4224: $? = 0
configure:4224: result: yes
configure:4224: checking for socket
configure:4224: gcc -o conftest -g -O2   conftest.c  >&5
configure:4224: $? = 0
configure:4224: result: yes
configure:4224: checking for strcasecmp
configure:4224: gcc -o conftest -g -O2   conftest.c  >&5
conftest.c:60:6: warning: conflicting types for built-in function 'strcasecmp' [enabled by default]
configure:4224: $? = 0
configure:4224: result: yes
configure:4279: checking for a BSD-compatible install
configure:4347: result: /usr/bin/install -c
configure:4358: checking whether build environment is sane
configure:4408: result: yes
configure:4549: checking for a thread-safe mkdir -p
configure:4588: result: /bin/mkdir -p
configure:4601: checking for gawk
configure:4631: result: no
configure:4601: checking for mawk
configure:4617: found /usr/bin/mawk
configure:4628: result: mawk
configure:4639: checking whether make sets $(MAKE)
configure:4661: result: yes
configure:4691: checking for style of include used by make
configure:4719: result: GNU
configure:4805: checking dependency style of gcc
configure:4916: result: gcc3
configure:4933: checking dependency style of g++
configure:5044: result: gcc3
configure:5197: creating ./config.status

## ---------------------- ##
## Running config.status. ##
## ---------------------- ##

This file was extended by FULL-PACKAGE-NAME config.status VERSION, which was
generated by GNU Autoconf 2.68.  Invocation command line was

  CONFIG_FILES    = 
  CONFIG_HEADERS  = 
  CONFIG_LINKS    = 
  CONFIG_COMMANDS = 
  $ ./config.status 

on yw-G41MT-D3

config.status:885: creating Makefile
config.status:885: creating config.h
config.status:1066: config.h is unchanged
config.status:1114: executing depfiles commands

## ---------------- ##
## Cache variables. ##
## ---------------- ##

ac_cv_c_compiler_gnu=yes
ac_cv_c_int64_t=yes
ac_cv_cxx_compiler_gnu=yes
ac_cv_env_CCC_set=
ac_cv_env_CCC_value=
ac_cv_env_CC_set=
ac_cv_env_CC_value=
ac_cv_env_CFLAGS_set=
ac_cv_env_CFLAGS_value=
ac_cv_env_CPPFLAGS_set=
ac_cv_env_CPPFLAGS_value=
ac_cv_env_CPP_set=
ac_cv_env_CPP_value=
ac_cv_env_CXXFLAGS_set=
ac_cv_env_CXXFLAGS_value=
ac_cv_env_CXX_set=
ac_cv_env_CXX_value=
ac_cv_env_LDFLAGS_set=
ac_cv_env_LDFLAGS_value=
ac_cv_env_LIBS_set=
ac_cv_env_LIBS_value=
ac_cv_env_build_alias_set=
ac_cv_env_build_alias_value=
ac_cv_env_host_alias_set=
ac_cv_env_host_alias_value=
ac_cv_env_target_alias_set=
ac_cv_env_target_alias_value=
ac_cv_func_clock_gettime=no
ac_cv_func_fork=yes
ac_cv_func_fork_works=yes
ac_cv_func_inet_ntoa=yes
ac_cv_func_lstat_dereferences_slashed_symlink=yes
ac_cv_func_malloc_0_nonnull=yes
ac_cv_func_memset=yes
ac_cv_func_socket=yes
ac_cv_func_strcasecmp=yes
ac_cv_func_vfork=yes
ac_cv_func_vfork_works=yes
ac_cv_header_arpa_inet_h=yes
ac_cv_header_inttypes_h=yes
ac_cv_header_memory_h=yes
ac_cv_header_stdbool_h=yes
ac_cv_header_stdc=yes
ac_cv_header_stdint_h=yes
ac_cv_header_stdlib_h=yes
ac_cv_header_string_h=yes
ac_cv_header_strings_h=yes
ac_cv_header_sys_ioctl_h=yes
ac_cv_header_sys_socket_h=yes
ac_cv_header_sys_stat_h=yes
ac_cv_header_sys_types_h=yes
ac_cv_header_unistd_h=yes
ac_cv_header_vfork_h=no
ac_cv_objext=o
ac_cv_path_EGREP='/bin/grep -E'
ac_cv_path_GREP=/bin/grep
ac_cv_path_install='/usr/bin/install -c'
ac_cv_path_mkdir=/bin/mkdir
ac_cv_prog_AWK=mawk
ac_cv_prog_CPP='gcc -E'
ac_cv_prog_ac_ct_CC=gcc
ac_cv_prog_ac_ct_CXX=g++
ac_cv_prog_cc_c89=
ac_cv_prog_cc_g=yes
ac_cv_prog_cxx_g=yes
ac_cv_prog_make_make_set=yes
ac_cv_type__Bool=yes
ac_cv_type_pid_t=yes
am_cv_CC_dependencies_compiler_type=gcc3
am_cv_CXX_dependencies_compiler_type=gcc3

## ----------------- ##
## Output variables. ##
## ----------------- ##

ACLOCAL='${SHELL} /home/yw/github/comlib/missing --run aclocal-1.11'
AMDEPBACKSLASH='\'
AMDEP_FALSE='#'
AMDEP_TRUE=''
AMTAR='$${TAR-tar}'
AUTOCONF='${SHELL} /home/yw/github/comlib/missing --run autoconf'
AUTOHEADER='${SHELL} /home/yw/github/comlib/missing --run autoheader'
AUTOMAKE='${SHELL} /home/yw/github/comlib/missing --run automake-1.11'
AWK='mawk'
CC='gcc'
CCDEPMODE='depmode=gcc3'
CFLAGS='-g -O2'
CPP='gcc -E'
CPPFLAGS=''
CXX='g++'
CXXDEPMODE='depmode=gcc3'
CXXFLAGS='-g -O2'
CYGPATH_W='echo'
DEFS='-DHAVE_CONFIG_H'
DEPDIR='.deps'
ECHO_C=''
ECHO_N='-n'
ECHO_T=''
EGREP='/bin/grep -E'
EXEEXT=''
GREP='/bin/grep'
INSTALL_DATA='${INSTALL} -m 644'
INSTALL_PROGRAM='${INSTALL}'
INSTALL_SCRIPT='${INSTALL}'
INSTALL_STRIP_PROGRAM='$(install_sh) -c -s'
LDFLAGS=''
LIBOBJS=''
LIBS=''
LTLIBOBJS=''
MAKEINFO='${SHELL} /home/yw/github/comlib/missing --run makeinfo'
MKDIR_P='/bin/mkdir -p'
OBJEXT='o'
PACKAGE='process'
PACKAGE_BUGREPORT='BUG-REPORT-ADDRESS'
PACKAGE_NAME='FULL-PACKAGE-NAME'
PACKAGE_STRING='FULL-PACKAGE-NAME VERSION'
PACKAGE_TARNAME='full-package-name'
PACKAGE_URL=''
PACKAGE_VERSION='VERSION'
PATH_SEPARATOR=':'
SET_MAKE=''
SHELL='/bin/bash'
STRIP=''
VERSION='1.0'
ac_ct_CC='gcc'
ac_ct_CXX='g++'
am__EXEEXT_FALSE=''
am__EXEEXT_TRUE='#'
am__fastdepCC_FALSE='#'
am__fastdepCC_TRUE=''
am__fastdepCXX_FALSE='#'
am__fastdepCXX_TRUE=''
am__include='include'
am__isrc=''
am__leading_dot='.'
am__nodep='_no'
am__quote=''
am__tar='$${TAR-tar} chof - "$$tardir"'
am__untar='$${TAR-tar} xf -'
bindir='${exec_prefix}/bin'
build_alias=''
datadir='${datarootdir}'
datarootdir='${prefix}/share'
docdir='${datarootdir}/doc/${PACKAGE_TARNAME}'
dvidir='${docdir}'
exec_prefix='${prefix}'
host_alias=''
htmldir='${docdir}'
includedir='${prefix}/include'
infodir='${datarootdir}/info'
install_sh='${SHELL} /home/yw/github/comlib/install-sh'
libdir='${exec_prefix}/lib'
libexecdir='${exec_prefix}/libexec'
localedir='${datarootdir}/locale'
localstatedir='${prefix}/var'
mandir='${datarootdir}/man'
mkdir_p='/bin/mkdir -p'
oldincludedir='/usr/include'
pdfdir='${docdir}'
prefix='/usr/local'
program_transform_name='s,x,x,'
psdir='${docdir}'
sbindir='${exec_prefix}/sbin'
sharedstatedir='${prefix}/com'
sysconfdir='${prefix}/etc'
target_alias=''

## ----------- ##
## confdefs.h. ##
## ----------- ##

/* confdefs.h */
#define PACKAGE_NAME "FULL-PACKAGE-NAME"
#define PACKAGE_TARNAME "full-package-name"
#define PACKAGE_VERSION "VERSION"
#define PACKAGE_STRING "FULL-PACKAGE-NAME VERSION"
#define PACKAGE_BUGREPORT "BUG-REPORT-ADDRESS"
#define PACKAGE_URL ""
#define STDC_HEADERS 1
#define HAVE_SYS_TYPES_H 1
#define HAVE_SYS_STAT_H 1
#define HAVE_STDLIB_H 1
#define HAVE_STRING_H 1
#define HAVE_MEMORY_H 1
#define HAVE_STRINGS_H 1
#define HAVE_INTTYPES_H 1
#define HAVE_STDINT_H 1
#define HAVE_UNISTD_H 1
#define HAVE_ARPA_INET_H 1
#define HAVE_STDLIB_H 1
#define HAVE_STRING_H 1
#define HAVE_SYS_IOCTL_H 1
#define HAVE_SYS_SOCKET_H 1
#define HAVE_UNISTD_H 1
#define HAVE__BOOL 1
#define HAVE_STDBOOL_H 1
#define HAVE_FORK 1
#define HAVE_VFORK 1
#define HAVE_WORKING_VFORK 1
#define HAVE_WORKING_FORK 1
#define LSTAT_FOLLOWS_SLASHED_SYMLINK 1
#define HAVE_STDLIB_H 1
#define HAVE_MALLOC 1
#define HAVE_INET_NTOA 1
#define HAVE_MEMSET 1
#define HAVE_SOCKET 1
#define HAVE_STRCASECMP 1
#define PACKAGE "process"
#define VERSION "1.0"

configure: exit 0
